<?xml version="1.0" encoding="UTF-8"?>
<testsuite xmlns:xsi="http://www.w3.org/2001/XMLSchema-instance" xsi:noNamespaceSchemaLocation="https://maven.apache.org/surefire/maven-surefire-plugin/xsd/surefire-test-report-3.0.xsd" version="3.0" name="TestSuite" time="62.911" tests="2" errors="0" skipped="0" failures="0">
  <properties>
[...]
</properties>
  <testcase name="verifyAddNewRelativesSuccessfully[Hoàng Hà Nhi, 20/12/1993, Nam, 0956231458, Chồng](1)" classname="tests.familyProfile.AddNewRelativesTest" time="11.15">
    <system-out><![CDATA[HAHUĐúhúahdúahduhh
[[ChromeDriver: chrome on mac (4638bd186695aa19d025badcc31d7764)] -> xpath: //div[@class = 'popup-close']]
]]></system-out>
    <system-err><![CDATA[SLF4J: Failed to load class "org.slf4j.impl.StaticLoggerBinder".
SLF4J: Defaulting to no-operation (NOP) logger implementation
SLF4J: See http://www.slf4j.org/codes.html#StaticLoggerBinder for further details.
Jul 02, 2023 11:43:05 PM org.openqa.selenium.remote.service.DriverService$Builder getLogOutput
INFO: Driver logs no longer sent to console by default; https://www.selenium.dev/documentation/webdriver/drivers/service/#setting-log-output
]]></system-err>
  </testcase>
  <testcase name="verifyAddNewRelativesSuccessfully[Hoàng Hà Hồng, 20/12/1993, Nữ, 0963214589, Vợ](2)" classname="tests.familyProfile.AddNewRelativesTest" time="14.79"/>
</testsuite>