<?xml version="1.0" encoding="UTF-8"?>
<!-- Generated by org.testng.reporters.JUnitXMLReporter -->
<testsuite ignored="1" hostname="Dangs-MBP" failures="0" tests="2" name="Run on Chrome" time="62.402" errors="0" timestamp="2023-07-02T23:44:07 ICT">
  <testcase classname="tests.familyProfile.AddNewRelativesTest" name="verifyAddNewRelativesSuccessfully" time="11.149"/>
  <testcase classname="tests.familyProfile.AddNewRelativesTest" name="verifyAddNewRelativesSuccessfully" time="14.789"/>
  <testcase classname="tests.familyProfile.AddNewRelativesTest" name="verifyAddNewRelativesFailWhenNameInvalid" time="0.0">
    <ignored/>
  </testcase> <!-- verifyAddNewRelativesFailWhenNameInvalid -->
</testsuite> <!-- Run on Chrome -->
