<?xml version="1.0" encoding="UTF-8"?>
<!-- Generated by org.testng.reporters.JUnitXMLReporter -->
<testsuite ignored="2" hostname="TRINITY-HN-002" failures="0" tests="1" name="Run on Chrome" time="24.098" errors="0" timestamp="2023-07-03T16:10:23 ICT">
  <testcase classname="tests.familyProfile.AddNewRelativesTest" name="verifyAddNewRelativesFailWhenPhoneInvalid" time="6.213"/>
  <testcase classname="tests.familyProfile.AddNewRelativesTest" name="verifyAddNewRelativesFailWhenNameInvalid" time="0.0">
    <ignored/>
  </testcase> <!-- verifyAddNewRelativesFailWhenNameInvalid -->
  <testcase classname="tests.familyProfile.AddNewRelativesTest" name="verifyAddNewRelativesSuccessfully" time="0.0">
    <ignored/>
  </testcase> <!-- verifyAddNewRelativesSuccessfully -->
</testsuite> <!-- Run on Chrome -->
